0 info it worked if it ends with ok
1 verbose cli [ '/usr/bin/node',
1 verbose cli   '/usr/bin/npm',
1 verbose cli   '-s',
1 verbose cli   'install',
1 verbose cli   '--production',
1 verbose cli   '--prefix',
1 verbose cli   '/var/task' ]
2 info using npm@3.5.2
3 info using node@v8.10.0
4 verbose stack Error: EACCES: permission denied, mkdir '/var/task'
5 verbose cwd /media/hesham/20245B8B245B6338/mala3ebna
6 error Linux 4.15.0-58-generic
7 error argv "/usr/bin/node" "/usr/bin/npm" "-s" "install" "--production" "--prefix" "/var/task"
8 error node v8.10.0
9 error npm  v3.5.2
10 error path /var/task
11 error code EACCES
12 error errno -13
13 error syscall mkdir
14 error Error: EACCES: permission denied, mkdir '/var/task'
14 error  { Error: EACCES: permission denied, mkdir '/var/task'
14 error   errno: -13,
14 error   code: 'EACCES',
14 error   syscall: 'mkdir',
14 error   path: '/var/task' }
15 error Please try running this command again as root/Administrator.
16 verbose exit [ -13, true ]
